<?xml version="1.0" encoding="UTF-8"?>
<!-- Generated by org.testng.reporters.JUnitXMLReporter -->
<testsuite hostname="Dell" name="chromeTest" tests="1" failures="1" timestamp="16 Jan 2016 15:32:14 GMT" time="13.286" errors="0">
  <testcase name="valid_login" time="4.608" classname="sceanrios_TCs.Login_Scenario">
    <failure type="java.lang.AssertionError" message="The following asserts failed:
	hola macha,
	The actual found isqtpworld2008 g The expected is qtpworld2008 expected [qtpworld2008] but found [qtpworld2008 g]">
      <![CDATA[java.lang.AssertionError: The following asserts failed:
	hola macha,
	The actual found isqtpworld2008 g The expected is qtpworld2008 expected [qtpworld2008] but found [qtpworld2008 g]
	at sceanrios_TCs.Login_Scenario.valid_login(Unknown Source)
... Removed 24 stack frames]]>
    </failure>
  </testcase> <!-- valid_login -->
</testsuite> <!-- chromeTest -->
